Arguments: 
  /usr/local/bin/node /usr/local/bin/yarn add -D cli-clor

PATH: 
  /Users/charlesbondjedoue/.dotnet/tools:/Users/charlesbondjedoue/.cargo/bin/:/Users/charlesbondjedoue/.composer/vendor/bin:/usr/local/opt/php/sbin:/usr/local/opt/php/bin:/Volumes/Data/wwwroot/core/Packages/vendor/bin:/Users/charlesbondjedoue/Library/Android/sdk/platform-tools:/Volumes/Data/Dev/PHP/balafon2/src/Lib/igk/bin:/usr/local/opt/mysql-client/bin:/usr/local/share/dotnet:/Users/charlesbondjedoue/bin:/usr/local/Cellar/mysql-client/8.0.21/bin:/usr/local/opt/php@8.0/sbin:/usr/local/opt/php@8.0/bin:/Applications/Visual Studio Code.app/Contents/Resources/app/bin:/usr/local/bin:/usr/bin:/bin:/usr/sbin:/sbin:/Library/Apple/usr/bin:/Volumes/Data/programs/flutter/bin:/Volumes/Data/Dev/FMEG/ffmpeg

Yarn version: 
  1.22.19

Node version: 
  20.5.1

Platform: 
  darwin x64

Trace: 
  Error: https://registry.yarnpkg.com/cli-clor: Not found
      at params.callback [as _callback] (/usr/local/lib/node_modules/yarn/lib/cli.js:66145:18)
      at self.callback (/usr/local/lib/node_modules/yarn/lib/cli.js:140890:22)
      at Request.emit (node:events:514:28)
      at Request.<anonymous> (/usr/local/lib/node_modules/yarn/lib/cli.js:141862:10)
      at Request.emit (node:events:514:28)
      at IncomingMessage.<anonymous> (/usr/local/lib/node_modules/yarn/lib/cli.js:141784:12)
      at Object.onceWrapper (node:events:628:28)
      at IncomingMessage.emit (node:events:526:35)
      at endReadableNT (node:internal/streams/readable:1376:12)
      at process.processTicksAndRejections (node:internal/process/task_queues:82:21)

npm manifest: 
  {
    "name": "@balafon/vite-plugin",
    "version": "1.0.0",
    "main": "src/main.js",
    "author": "<bondje.doue@gmail.com>",
    "license": "MIT"
  }

yarn manifest: 
  No manifest

Lockfile: 
  No lockfile
